
FileVersion:        2

ResolutionOfTime:   msec

Experiment:         1_IntuitivePhysics

BackgroundColor:    0 0 0
TextColor:          255 255 255
TimeCourseColor:    192 192 192
TimeCourseThick:    2
ReferenceFuncColor: 0 0 80
ReferenceFuncThick: 2

NrOfConditions:     4

Physics_Video
20
  37000        43000
  46000        52000
  91000        97000
 100000       106000
 109000       115000
 118000       124000
 145000       151000
 154000       160000
 181000       187000
 190000       196000
 217000       223000
 226000       232000
 253000       259000
 262000       268000
 289000       295000
 298000       304000
 307000       313000
 316000       322000
 361000       367000
 370000       376000
Color:              255 0 0

Physics_Answer
20
  43000        44000
  52000        53000
  97000        98000
 106000       107000
 115000       116000
 124000       125000
 151000       152000
 160000       161000
 187000       188000
 196000       197000
 223000       224000
 232000       233000
 259000       260000
 268000       269000
 295000       296000
 304000       305000
 313000       314000
 322000       323000
 367000       368000
 376000       377000
Color:              255 126 121

Colour_Video
20
  19000        25000
  28000        34000
  55000        61000
  64000        70000
  73000        79000
  82000        88000
 127000       133000
 136000       142000
 163000       169000
 172000       178000
 235000       241000
 244000       250000
 271000       277000
 280000       286000
 325000       331000
 334000       340000
 343000       349000
 352000       358000
 379000       385000
 388000       394000
Color:              0 0 255

Colour_Answer
20
  25000        26000
  34000        35000
  61000        62000
  70000        71000
  79000        80000
  88000        89000
 133000       134000
 142000       143000
 169000       170000
 178000       179000
 241000       242000
 250000       251000
 277000       278000
 286000       287000
 331000       332000
 340000       341000
 349000       350000
 358000       359000
 385000       386000
 394000       395000
Color:              0 150 255
