
FileVersion:        2

ResolutionOfTime:   msec

Experiment:         2_SpatialWorkingMemory

BackgroundColor:    0 0 0
TextColor:          255 255 255
TimeCourseColor:    192 192 192
TimeCourseThick:    2
ReferenceFuncColor: 0 0 80
ReferenceFuncThick: 2

NrOfConditions:     4

Easy_Buildup
24
  48500        52500
  56500        60500
  64500        68500
  72500        76500
  80500        84500
  88500        92500
  96500       100500
 104500       108500
 160500       164500
 168500       172500
 176500       180500
 184500       188500
 256500       260500
 264500       268500
 272500       276500
 280500       284500
 336500       340500
 344500       348500
 352500       356500
 360500       364500
 368500       372500
 376500       380500
 384500       388500
 392500       396500
Color:              0 150 255

Easy_Answer
24
  52500        53500
  60500        61500
  68500        69500
  76500        77500
  84500        85500
  92500        93500
 100500       101500
 108500       109500
 164500       165500
 172500       173500
 180500       181500
 188500       189500
 260500       261500
 268500       269500
 276500       277500
 284500       285500
 340500       341500
 348500       349500
 356500       357500
 364500       365500
 372500       373500
 380500       381500
 388500       389500
 396500       397500
Color:              0 0 255

Hard_Buildup
24
  16500        20500
  24500        28500
  32500        36500
  40500        44500
 112500       116500
 120500       124500
 128500       132500
 136500       140500
 192500       196500
 200500       204500
 208500       212500
 216500       220500
 224500       228500
 232500       236500
 240500       244500
 248500       252500
 304500       308500
 312500       316500
 320500       324500
 328500       332500
 400500       404500
 408500       412500
 416500       420500
 424500       428500
Color:              255 126 121

Hard_Answer
24
  20500        21500
  28500        29500
  36500        37500
  44500        45500
 116500       117500
 124500       125500
 132500       133500
 140500       141500
 196500       197500
 204500       205500
 212500       213500
 220500       221500
 228500       229500
 236500       237500
 244500       245500
 252500       253500
 308500       309500
 316500       317500
 324500       325500
 332500       333500
 404500       405500
 412500       413500
 420500       421500
 428500       429500
Color:              255 0 0
