
FileVersion:        2

ResolutionOfTime:   msec

Experiment:         5_Grasping

BackgroundColor:    0 0 0
TextColor:          255 255 255
TimeCourseColor:    192 192 192
TimeCourseThick:    2
ReferenceFuncColor: 0 0 80
ReferenceFuncThick: 2

NrOfConditions:     3

Look
12
  40500        42500
  56500        58500
 124500       126500
 136500       138500
 192500       194500
 228500       230500
 284500       286500
 296500       298500
 360500       362500
 376500       378500
 428500       430500
 472500       474500
Color:              255 0 0

Touch
12
  28500        30500
  84500        86500
  96500        98500
 148500       150500
 204500       206500
 216500       218500
 272500       274500
 320500       322500
 336500       338500
 388500       390500
 444500       446500
 456500       458500
Color:              0 0 255

Grasp
12
  16500        18500
  68500        70500
 112500       114500
 160500       162500
 176500       178500
 244500       246500
 256500       258500
 308500       310500
 348500       350500
 404500       406500
 416500       418500
 484500       486500
Color:              0 255 0
